ℹ Loading lasso-boot
  method  p distribution
1  ridge 20       normal
[1] "6083e5c03c642a43"
      method  p distribution
2 ridge_boot 20       normal
[1] "b4fbd98ceab74459"
  method   p distribution
1  ridge 100       normal
[1] "72b90e846cf1e6ed"
      method   p distribution
2 ridge_boot 100       normal
[1] "17df1729641d4bce"
  method   p distribution
1  ridge 200       normal
[1] "e29fdf05413ae764"
      method   p distribution
2 ridge_boot 200       normal
[1] "06531dab1f2ffa2c"
null device 
          1 
