ℹ Loading lasso-boot
`summarise()` has grouped output by 'method', 'iteration'. You can override
using the `.groups` argument.
`summarise()` has grouped output by 'method'. You can override using the
`.groups` argument.
`summarise()` has grouped output by 'method'. You can override using the
`.groups` argument.
`summarise()` has grouped output by 'method', 'iteration'. You can override
using the `.groups` argument.
# A tibble: 9 × 2
  group                       nonfinite_median
  <glue>                                 <int>
1 lasso_proj_original-100                    0
2 lasso_proj_original-400                    0
3 lasso_proj_original-50                     0
4 relaxed_lasso_posterior-100                0
5 relaxed_lasso_posterior-400                0
6 relaxed_lasso_posterior-50                 0
7 selective_inference-100                  125
8 selective_inference-400                   39
9 selective_inference-50                   127
    variable coef      estimate SE  t lower upper  p p.value p.adjust     sigma
1       V094   NA  0.0547498495 NA NA  -Inf   Inf NA      NA       NA 15.288427
2       V091   NA  0.0319784701 NA NA  -Inf   Inf NA      NA       NA 15.028256
3       V038   NA -3.7307981135 NA NA  -Inf   Inf NA      NA       NA 15.187918
4       V066   NA -0.0782809879 NA NA  -Inf   Inf NA      NA       NA 15.187918
5       V093   NA  1.2748227633 NA NA  -Inf   Inf NA      NA       NA 15.187918
6       V003   NA -1.1088873123 NA NA  -Inf   Inf NA      NA       NA 13.103707
7       V005   NA -0.0616349118 NA NA  -Inf   Inf NA      NA       NA 13.103707
8       V013   NA -0.0225369877 NA NA  -Inf   Inf NA      NA       NA 13.103707
9       V022   NA -0.0095703210 NA NA  -Inf   Inf NA      NA       NA 13.103707
10      V031   NA -3.2456115296 NA NA  -Inf   Inf NA      NA       NA 13.103707
11      V034   NA -0.7655128111 NA NA  -Inf   Inf NA      NA       NA 13.103707
12      V038   NA -0.0069197509 NA NA  -Inf   Inf NA      NA       NA 13.103707
13      V044   NA  0.4548299270 NA NA  -Inf   Inf NA      NA       NA 13.103707
14      V046   NA  2.2089313354 NA NA  -Inf   Inf NA      NA       NA 13.103707
15      V049   NA  0.7529388682 NA NA  -Inf   Inf NA      NA       NA 13.103707
16      V054   NA  3.3851841784 NA NA  -Inf   Inf NA      NA       NA 13.103707
17      V056   NA -0.0379620083 NA NA  -Inf   Inf NA      NA       NA 13.103707
18      V063   NA  0.7140279309 NA NA  -Inf   Inf NA      NA       NA 13.103707
19      V065   NA -3.2541712522 NA NA  -Inf   Inf NA      NA       NA 13.103707
20      V072   NA -1.1922919653 NA NA  -Inf   Inf NA      NA       NA 13.103707
21      V075   NA -0.7555299737 NA NA  -Inf   Inf NA      NA       NA 13.103707
22      V080   NA  2.9029382025 NA NA  -Inf   Inf NA      NA       NA 13.103707
23      V081   NA  0.4165350435 NA NA  -Inf   Inf NA      NA       NA 13.103707
24      V082   NA  0.2908868655 NA NA  -Inf   Inf NA      NA       NA 13.103707
25      V086   NA  0.4200887848 NA NA  -Inf   Inf NA      NA       NA 13.103707
26      V091   NA  0.0258355867 NA NA  -Inf   Inf NA      NA       NA 13.103707
27      V101   NA  4.3956170078 NA NA  -Inf   Inf NA      NA       NA 13.103707
28      V079   NA  0.0468871862 NA NA  -Inf   Inf NA      NA       NA 14.845563
29      V008   NA  1.2801816689 NA NA  -Inf   Inf NA      NA       NA 15.987230
30      V032   NA  1.9659800965 NA NA  -Inf   Inf NA      NA       NA 15.987230
31      V037   NA -0.1902932699 NA NA  -Inf   Inf NA      NA       NA 15.987230
32      V092   NA  0.0594197589 NA NA  -Inf   Inf NA      NA       NA 15.987230
33      V097   NA  1.3430047995 NA NA  -Inf   Inf NA      NA       NA 15.987230
34      V099   NA  1.2865586774 NA NA  -Inf   Inf NA      NA       NA 15.987230
35      V101   NA  4.9140647313 NA NA  -Inf   Inf NA      NA       NA 15.987230
36      V022   NA -0.0257882589 NA NA  -Inf   Inf NA      NA       NA 13.768148
37      V025   NA -0.0701466426 NA NA  -Inf   Inf NA      NA       NA 13.711537
38      V061   NA -0.0364819955 NA NA  -Inf   Inf NA      NA       NA 12.788580
39      V068   NA  0.0275742344 NA NA  -Inf   Inf NA      NA       NA 15.187091
40      V092   NA -0.0382773514 NA NA  -Inf   Inf NA      NA       NA 16.400933
41      V043   NA -1.8886440475 NA NA  -Inf   Inf NA      NA       NA 11.751965
42      V084   NA  0.6798891007 NA NA  -Inf   Inf NA      NA       NA 11.751965
43      V086   NA  1.5791433490 NA NA  -Inf   Inf NA      NA       NA 11.751965
44      V087   NA  1.0305382808 NA NA  -Inf   Inf NA      NA       NA 11.751965
45      V001   NA -0.5358142880 NA NA  -Inf   Inf NA      NA       NA 12.538392
46      V022   NA -0.9946068637 NA NA  -Inf   Inf NA      NA       NA 12.538392
47      V094   NA  1.9334911884 NA NA  -Inf   Inf NA      NA       NA 12.538392
48      V021   NA -1.6208800780 NA NA  -Inf   Inf NA      NA       NA 14.062839
49      V014   NA -1.0784752486 NA NA  -Inf   Inf NA      NA       NA 14.193021
50      V078   NA  0.6640291357 NA NA  -Inf   Inf NA      NA       NA 14.193021
51      V087   NA  0.0553899238 NA NA  -Inf   Inf NA      NA       NA 14.193021
52      V091   NA  0.0402932817 NA NA  -Inf   Inf NA      NA       NA 14.193021
53      V036   NA  0.8585868614 NA NA  -Inf   Inf NA      NA       NA 13.738661
54      V040   NA  3.8846371981 NA NA  -Inf   Inf NA      NA       NA 13.526275
55      V055   NA -1.2193856268 NA NA  -Inf   Inf NA      NA       NA 13.526275
56      V073   NA  0.4062915478 NA NA  -Inf   Inf NA      NA       NA 13.526275
57      V093   NA  0.3520209331 NA NA  -Inf   Inf NA      NA       NA 13.526275
58      V099   NA  1.4259564454 NA NA  -Inf   Inf NA      NA       NA 13.526275
59      V101   NA  0.6425630096 NA NA  -Inf   Inf NA      NA       NA 13.526275
60      V025   NA  0.3745888795 NA NA  -Inf   Inf NA      NA       NA 13.954504
61      V029   NA  3.5610089540 NA NA  -Inf   Inf NA      NA       NA 13.954504
62      V070   NA  0.1761634969 NA NA  -Inf   Inf NA      NA       NA 13.954504
63      V077   NA  0.9116380618 NA NA  -Inf   Inf NA      NA       NA 13.954504
64      V053   NA  0.0139010867 NA NA  -Inf   Inf NA      NA       NA 13.782072
65      V005   NA -0.3639166759 NA NA  -Inf   Inf NA      NA       NA 15.830772
66      V009   NA -0.0307596200 NA NA  -Inf   Inf NA      NA       NA 15.830772
67      V072   NA -0.0317820754 NA NA  -Inf   Inf NA      NA       NA 15.830772
68      V004   NA -2.9810768844 NA NA  -Inf   Inf NA      NA       NA 14.120266
69      V017   NA -2.6313825354 NA NA  -Inf   Inf NA      NA       NA 14.120266
70      V031   NA  0.7729251172 NA NA  -Inf   Inf NA      NA       NA 14.120266
71      V081   NA -0.0307559313 NA NA  -Inf   Inf NA      NA       NA 14.120266
72      V026   NA  0.0304072026 NA NA  -Inf   Inf NA      NA       NA 13.457110
73      V086   NA  0.9444969898 NA NA  -Inf   Inf NA      NA       NA 13.464193
74      V001   NA -3.6115053743 NA NA  -Inf   Inf NA      NA       NA 14.816834
75      V006   NA -0.2160009164 NA NA  -Inf   Inf NA      NA       NA 14.816834
76      V036   NA -1.0279018354 NA NA  -Inf   Inf NA      NA       NA 14.816834
77      V059   NA -0.0044038794 NA NA  -Inf   Inf NA      NA       NA 14.816834
78      V101   NA  0.0046928297 NA NA  -Inf   Inf NA      NA       NA 14.816834
79      V096   NA  0.8925625052 NA NA  -Inf   Inf NA      NA       NA 14.675001
80      V055   NA  0.0851636222 NA NA  -Inf   Inf NA      NA       NA 14.394767
81      V001   NA -0.0765517457 NA NA  -Inf   Inf NA      NA       NA 13.330779
82      V071   NA -0.0678045624 NA NA  -Inf   Inf NA      NA       NA 13.330779
83      V074   NA  1.5064437983 NA NA  -Inf   Inf NA      NA       NA 13.330779
84      V005   NA -3.0200342567 NA NA  -Inf   Inf NA      NA       NA 12.227002
85      V041   NA  0.0082782422 NA NA  -Inf   Inf NA      NA       NA 12.227002
86      V084   NA  0.0072906464 NA NA  -Inf   Inf NA      NA       NA 12.227002
87      V042   NA -0.9720483083 NA NA  -Inf   Inf NA      NA       NA 15.325414
88      V091   NA  0.0236462396 NA NA  -Inf   Inf NA      NA       NA 13.679240
89      V017   NA -1.1285580882 NA NA  -Inf   Inf NA      NA       NA 13.476806
90      V065   NA  0.0078828030 NA NA  -Inf   Inf NA      NA       NA 13.476806
91      V088   NA  1.6807184315 NA NA  -Inf   Inf NA      NA       NA 13.476806
92      V016   NA  0.0135169274 NA NA  -Inf   Inf NA      NA       NA 13.389043
93      V015   NA -0.7366816701 NA NA  -Inf   Inf NA      NA       NA 14.939075
94      V019   NA -2.2375970940 NA NA  -Inf   Inf NA      NA       NA 14.939075
95      V025   NA  0.0439295826 NA NA  -Inf   Inf NA      NA       NA 14.939075
96      V080   NA  0.5212414184 NA NA  -Inf   Inf NA      NA       NA 14.939075
97      V008   NA -0.5245407689 NA NA  -Inf   Inf NA      NA       NA 14.515308
98      V056   NA -0.6180700870 NA NA  -Inf   Inf NA      NA       NA 14.515308
99      V060   NA -0.6473410620 NA NA  -Inf   Inf NA      NA       NA 14.515308
100     V076   NA  0.2382817509 NA NA  -Inf   Inf NA      NA       NA 14.515308
101     V081   NA  1.4913684865 NA NA  -Inf   Inf NA      NA       NA 14.515308
102     V087   NA  1.2359784439 NA NA  -Inf   Inf NA      NA       NA 14.515308
103     V088   NA -3.0205710647 NA NA  -Inf   Inf NA      NA       NA 14.515308
104     V093   NA  1.2276072120 NA NA  -Inf   Inf NA      NA       NA 14.515308
105     V006   NA -0.8287352578 NA NA  -Inf   Inf NA      NA       NA 14.421140
106     V014   NA -1.0046309547 NA NA  -Inf   Inf NA      NA       NA 14.421140
107     V018   NA -0.7811727953 NA NA  -Inf   Inf NA      NA       NA 14.421140
108     V026   NA -0.8708161575 NA NA  -Inf   Inf NA      NA       NA 14.421140
109     V062   NA  0.4980531497 NA NA  -Inf   Inf NA      NA       NA 14.421140
110     V088   NA  1.7163998235 NA NA  -Inf   Inf NA      NA       NA 14.421140
111     V095   NA  1.3074193091 NA NA  -Inf   Inf NA      NA       NA 14.421140
112     V097   NA -0.1350442432 NA NA  -Inf   Inf NA      NA       NA 14.421140
113     V011   NA -0.0288176145 NA NA  -Inf   Inf NA      NA       NA 15.997236
114     V001   NA -0.9790585397 NA NA  -Inf   Inf NA      NA       NA 13.646717
115     V021   NA -0.1994320945 NA NA  -Inf   Inf NA      NA       NA 13.646717
116     V059   NA  0.2647930170 NA NA  -Inf   Inf NA      NA       NA 13.646717
117     V053   NA -0.0226796946 NA NA  -Inf   Inf NA      NA       NA 14.934931
118     V065   NA  1.1391076272 NA NA  -Inf   Inf NA      NA       NA 14.934931
119     V042   NA -0.0266860643 NA NA  -Inf   Inf NA      NA       NA 13.545127
120     V009   NA -0.7115450857 NA NA  -Inf   Inf NA      NA       NA 14.910734
121     V012   NA -1.2614340816 NA NA  -Inf   Inf NA      NA       NA 14.910734
122     V014   NA  1.0687335262 NA NA  -Inf   Inf NA      NA       NA 14.910734
123     V042   NA -1.2215220461 NA NA  -Inf   Inf NA      NA       NA 14.910734
124     V046   NA  1.2936034868 NA NA  -Inf   Inf NA      NA       NA 14.910734
125     V054   NA  0.1766110065 NA NA  -Inf   Inf NA      NA       NA 14.910734
126     V090   NA  2.4182752765 NA NA  -Inf   Inf NA      NA       NA 14.910734
127     V067   NA -0.1940552006 NA NA  -Inf   Inf NA      NA       NA 15.542032
128     V093   NA  1.8705205996 NA NA  -Inf   Inf NA      NA       NA 15.542032
129     V015   NA  0.0152912247 NA NA  -Inf   Inf NA      NA       NA 13.604494
130     V047   NA -0.0115127100 NA NA  -Inf   Inf NA      NA       NA 14.303545
131     V024   NA  0.0195649497 NA NA  -Inf   Inf NA      NA       NA 14.133045
132     V028   NA  0.0136741960 NA NA  -Inf   Inf NA      NA       NA 13.466546
133     V078   NA  0.0166501559 NA NA  -Inf   Inf NA      NA       NA 14.766746
134     V004   NA -2.8614168750 NA NA  -Inf   Inf NA      NA       NA 12.732636
135     V012   NA -2.1723751010 NA NA  -Inf   Inf NA      NA       NA 12.732636
136     V016   NA -0.7535021681 NA NA  -Inf   Inf NA      NA       NA 12.732636
137     V020   NA  0.6143430460 NA NA  -Inf   Inf NA      NA       NA 12.732636
138     V021   NA -0.1438948722 NA NA  -Inf   Inf NA      NA       NA 12.732636
139     V024   NA -0.4618169308 NA NA  -Inf   Inf NA      NA       NA 12.732636
140     V026   NA  1.3571718901 NA NA  -Inf   Inf NA      NA       NA 12.732636
141     V030   NA -1.0389196235 NA NA  -Inf   Inf NA      NA       NA 12.732636
142     V031   NA  0.4158838557 NA NA  -Inf   Inf NA      NA       NA 12.732636
143     V032   NA  0.3835851810 NA NA  -Inf   Inf NA      NA       NA 12.732636
144     V033   NA -2.0352036852 NA NA  -Inf   Inf NA      NA       NA 12.732636
145     V036   NA  0.0119687890 NA NA  -Inf   Inf NA      NA       NA 12.732636
146     V041   NA  2.7810342446 NA NA  -Inf   Inf NA      NA       NA 12.732636
147     V045   NA -1.1756337964 NA NA  -Inf   Inf NA      NA       NA 12.732636
148     V047   NA -0.2178116153 NA NA  -Inf   Inf NA      NA       NA 12.732636
149     V049   NA -0.1127602201 NA NA  -Inf   Inf NA      NA       NA 12.732636
150     V061   NA  1.1705992146 NA NA  -Inf   Inf NA      NA       NA 12.732636
151     V066   NA  0.0237426813 NA NA  -Inf   Inf NA      NA       NA 12.732636
152     V070   NA  2.2120562114 NA NA  -Inf   Inf NA      NA       NA 12.732636
153     V075   NA  0.6415344770 NA NA  -Inf   Inf NA      NA       NA 12.732636
154     V077   NA  1.4888737260 NA NA  -Inf   Inf NA      NA       NA 12.732636
155     V086   NA  0.7166147480 NA NA  -Inf   Inf NA      NA       NA 12.732636
156     V094   NA  0.5190093514 NA NA  -Inf   Inf NA      NA       NA 12.732636
157     V079   NA -0.0152116925 NA NA  -Inf   Inf NA      NA       NA 13.498485
158     V092   NA  0.0300989808 NA NA  -Inf   Inf NA      NA       NA 13.498485
159     V003   NA -2.8726415546 NA NA  -Inf   Inf NA      NA       NA 15.590842
160     V008   NA -0.0082791852 NA NA  -Inf   Inf NA      NA       NA 15.590842
161     V013   NA -1.1726390040 NA NA  -Inf   Inf NA      NA       NA 15.590842
162     V014   NA -1.6670331753 NA NA  -Inf   Inf NA      NA       NA 15.590842
163     V034   NA -1.6364073988 NA NA  -Inf   Inf NA      NA       NA 15.590842
164     V048   NA  1.1836147093 NA NA  -Inf   Inf NA      NA       NA 15.590842
165     V100   NA  2.1038917348 NA NA  -Inf   Inf NA      NA       NA 15.590842
166     V033   NA -0.0163979782 NA NA  -Inf   Inf NA      NA       NA 14.754138
167     V081   NA  0.0297384462 NA NA  -Inf   Inf NA      NA       NA 14.419039
168     V040   NA  0.0234375583 NA NA  -Inf   Inf NA      NA       NA 13.866644
169     V038   NA  0.0197813108 NA NA  -Inf   Inf NA      NA       NA 12.534784
170     V007   NA -1.7265061587 NA NA  -Inf   Inf NA      NA       NA 15.443632
171     V036   NA  0.0303892546 NA NA  -Inf   Inf NA      NA       NA 13.417120
172     V031   NA -0.0347531289 NA NA  -Inf   Inf NA      NA       NA 15.529015
173     V057   NA  0.0230204963 NA NA  -Inf   Inf NA      NA       NA 15.529015
174     V047   NA -0.6414515824 NA NA  -Inf   Inf NA      NA       NA 11.870606
175     V098   NA  1.2964495025 NA NA  -Inf   Inf NA      NA       NA 11.870606
176     V047   NA -0.0317340854 NA NA  -Inf   Inf NA      NA       NA 14.254889
177     V061   NA -0.0241622231 NA NA  -Inf   Inf NA      NA       NA 15.042449
178     V006   NA -0.0271090297 NA NA  -Inf   Inf NA      NA       NA 14.071076
179     V011   NA -0.1098199449 NA NA  -Inf   Inf NA      NA       NA 13.451921
180     V093   NA  0.7455596970 NA NA  -Inf   Inf NA      NA       NA 13.451921
181     V096   NA  0.4537893311 NA NA  -Inf   Inf NA      NA       NA 13.451921
182     V024   NA -0.0341505988 NA NA  -Inf   Inf NA      NA       NA 15.987674
183     V020   NA -0.0274259858 NA NA  -Inf   Inf NA      NA       NA 14.161122
184     V002   NA -3.4191894965 NA NA  -Inf   Inf NA      NA       NA 15.310048
185     V004   NA -1.5360484034 NA NA  -Inf   Inf NA      NA       NA 15.310048
186     V005   NA -2.2912436914 NA NA  -Inf   Inf NA      NA       NA 15.310048
187     V025   NA -2.4257950288 NA NA  -Inf   Inf NA      NA       NA 15.310048
188     V036   NA -1.2004879858 NA NA  -Inf   Inf NA      NA       NA 15.310048
189     V037   NA  0.9607606983 NA NA  -Inf   Inf NA      NA       NA 15.310048
190     V044   NA  1.7992008529 NA NA  -Inf   Inf NA      NA       NA 15.310048
191     V050   NA -0.0710145783 NA NA  -Inf   Inf NA      NA       NA 15.310048
192     V068   NA  0.5292102239 NA NA  -Inf   Inf NA      NA       NA 15.310048
193     V080   NA  1.2401474877 NA NA  -Inf   Inf NA      NA       NA 15.310048
194     V085   NA  2.5583320189 NA NA  -Inf   Inf NA      NA       NA 15.310048
195     V077   NA  0.0178339595 NA NA  -Inf   Inf NA      NA       NA 14.920377
196     V041   NA -0.3395488996 NA NA  -Inf   Inf NA      NA       NA 14.061091
197     V062   NA  1.2172404811 NA NA  -Inf   Inf NA      NA       NA 14.061091
198     V064   NA  1.6732153336 NA NA  -Inf   Inf NA      NA       NA 14.061091
199     V066   NA -0.1733857856 NA NA  -Inf   Inf NA      NA       NA 14.061091
200     V067   NA  0.5120270052 NA NA  -Inf   Inf NA      NA       NA 14.061091
201     V070   NA -1.4313452691 NA NA  -Inf   Inf NA      NA       NA 14.061091
202     V077   NA  0.0009230708 NA NA  -Inf   Inf NA      NA       NA 14.061091
203     V090   NA  0.0242656750 NA NA  -Inf   Inf NA      NA       NA 14.061091
204     V096   NA  0.2332849996 NA NA  -Inf   Inf NA      NA       NA 14.061091
205     V088   NA  1.1070731615 NA NA  -Inf   Inf NA      NA       NA 15.261210
206     V003   NA -2.1716004626 NA NA  -Inf   Inf NA      NA       NA 14.997735
207     V033   NA -1.0801115727 NA NA  -Inf   Inf NA      NA       NA 14.997735
208     V045   NA  0.6275043732 NA NA  -Inf   Inf NA      NA       NA 14.997735
209     V091   NA  0.2055791568 NA NA  -Inf   Inf NA      NA       NA 14.997735
210     V096   NA  0.0034628639 NA NA  -Inf   Inf NA      NA       NA 14.997735
211     V001   NA -0.5530154880 NA NA  -Inf   Inf NA      NA       NA 15.719079
212     V016   NA  0.0033822857 NA NA  -Inf   Inf NA      NA       NA 15.719079
213     V088   NA  0.4218449079 NA NA  -Inf   Inf NA      NA       NA 15.719079
214     V054   NA  0.0240376423 NA NA  -Inf   Inf NA      NA       NA 13.550142
215     V013   NA  0.4652401429 NA NA  -Inf   Inf NA      NA       NA 13.887753
216     V025   NA -0.0484584201 NA NA  -Inf   Inf NA      NA       NA 13.887753
217     V038   NA -0.0295371247 NA NA  -Inf   Inf NA      NA       NA 13.887753
218     V045   NA  0.3535307842 NA NA  -Inf   Inf NA      NA       NA 13.887753
219     V048   NA -1.0389023114 NA NA  -Inf   Inf NA      NA       NA 13.887753
220     V004   NA -0.0122327143 NA NA  -Inf   Inf NA      NA       NA 12.998060
221     V013   NA -0.0171690055 NA NA  -Inf   Inf NA      NA       NA 13.757774
222     V028   NA -0.0299403197 NA NA  -Inf   Inf NA      NA       NA 13.757774
223     V069   NA -0.0317912002 NA NA  -Inf   Inf NA      NA       NA 13.757774
224     V070   NA  0.0282828394 NA NA  -Inf   Inf NA      NA       NA 13.757774
225     V063   NA  2.1281952045 NA NA  -Inf   Inf NA      NA       NA 13.657050
226     V082   NA  1.8043614794 NA NA  -Inf   Inf NA      NA       NA 13.657050
227     V014   NA -0.0127855610 NA NA  -Inf   Inf NA      NA       NA 15.972075
228     V008   NA -1.7922085045 NA NA  -Inf   Inf NA      NA       NA 10.568005
229     V045   NA -0.1599154812 NA NA  -Inf   Inf NA      NA       NA 10.568005
230     V076   NA  0.8763822998 NA NA  -Inf   Inf NA      NA       NA 10.568005
231     V100   NA  2.1932907273 NA NA  -Inf   Inf NA      NA       NA 10.568005
232     V036   NA -0.0090570892 NA NA  -Inf   Inf NA      NA       NA 10.000540
233     V032   NA -0.7561899861 NA NA  -Inf   Inf NA      NA       NA 10.615605
234     V049   NA  0.4910175185 NA NA  -Inf   Inf NA      NA       NA 10.615605
235     V065   NA  0.0004363240 NA NA  -Inf   Inf NA      NA       NA 10.615605
236     V075   NA  0.2086844429 NA NA  -Inf   Inf NA      NA       NA 10.615605
237     V043   NA -0.0075863153 NA NA  -Inf   Inf NA      NA       NA 10.063082
238     V050   NA -0.0064719626 NA NA  -Inf   Inf NA      NA       NA  9.861754
239     V036   NA -0.9954144786 NA NA  -Inf   Inf NA      NA       NA 10.296764
240     V084   NA  0.0059078006 NA NA  -Inf   Inf NA      NA       NA  9.948098
241     V010   NA -0.9470582164 NA NA  -Inf   Inf NA      NA       NA  9.241131
242     V012   NA -0.7653271175 NA NA  -Inf   Inf NA      NA       NA  9.241131
243     V013   NA -0.2584402242 NA NA  -Inf   Inf NA      NA       NA  9.241131
244     V019   NA -0.4480059601 NA NA  -Inf   Inf NA      NA       NA  9.241131
245     V029   NA -0.0234629360 NA NA  -Inf   Inf NA      NA       NA  9.241131
246     V040   NA -0.8756541621 NA NA  -Inf   Inf NA      NA       NA  9.241131
247     V041   NA -0.8008737205 NA NA  -Inf   Inf NA      NA       NA  9.241131
248     V051   NA  0.7154762369 NA NA  -Inf   Inf NA      NA       NA  9.241131
249     V057   NA -0.1186382158 NA NA  -Inf   Inf NA      NA       NA  9.241131
250     V071   NA  0.5944173283 NA NA  -Inf   Inf NA      NA       NA  9.241131
251     V090   NA  0.7798714967 NA NA  -Inf   Inf NA      NA       NA  9.241131
252     V077   NA  0.0071935751 NA NA  -Inf   Inf NA      NA       NA 10.050654
253     V003   NA -1.7597561336 NA NA  -Inf   Inf NA      NA       NA  9.615260
254     V005   NA -1.1496245730 NA NA  -Inf   Inf NA      NA       NA  9.615260
255     V042   NA -0.0141516497 NA NA  -Inf   Inf NA      NA       NA  9.615260
256     V056   NA  0.7874902789 NA NA  -Inf   Inf NA      NA       NA  9.615260
257     V065   NA  0.0221401501 NA NA  -Inf   Inf NA      NA       NA  9.615260
258     V069   NA  0.6376905936 NA NA  -Inf   Inf NA      NA       NA  9.615260
259     V070   NA  0.0009194037 NA NA  -Inf   Inf NA      NA       NA  9.615260
260     V082   NA  0.0238391752 NA NA  -Inf   Inf NA      NA       NA  9.615260
261     V065   NA -0.0040536359 NA NA  -Inf   Inf NA      NA       NA  9.266462
        lambda rescale_factor       truth iteration              method  time
1   0.89024859             NA  1.42039791        21 selective_inference 0.080
2   2.10280103             NA  1.17620934        50 selective_inference 0.069
3   0.14285165             NA -0.22562121        60 selective_inference 0.067
4   0.14285165             NA  0.26707965        60 selective_inference 0.067
5   0.14285165             NA  1.33008252        60 selective_inference 0.067
6   0.14834984             NA -2.17249237       176 selective_inference 0.064
7   0.14834984             NA -1.78079410       176 selective_inference 0.064
8   0.14834984             NA -1.04811319       176 selective_inference 0.064
9   0.14834984             NA -0.64470791       176 selective_inference 0.064
10  0.14834984             NA -0.38173976       176 selective_inference 0.064
11  0.14834984             NA -0.31090841       176 selective_inference 0.064
12  0.14834984             NA -0.22562121       176 selective_inference 0.064
13  0.14834984             NA -0.11320647       176 selective_inference 0.064
14  0.14834984             NA -0.07912110       176 selective_inference 0.064
15  0.14834984             NA -0.03067587       176 selective_inference 0.064
16  0.14834984             NA  0.04648663       176 selective_inference 0.064
17  0.14834984             NA  0.07912110       176 selective_inference 0.064
18  0.14834984             NA  0.20570335       176 selective_inference 0.064
19  0.14834984             NA  0.24607027       176 selective_inference 0.064
20  0.14834984             NA  0.40688282       176 selective_inference 0.064
21  0.14834984             NA  0.48767268       176 selective_inference 0.064
22  0.14834984             NA  0.64470791       176 selective_inference 0.064
23  0.14834984             NA  0.68037920       176 selective_inference 0.064
24  0.14834984             NA  0.71779123       176 selective_inference 0.064
25  0.14834984             NA  0.88889647       176 selective_inference 0.064
26  0.14834984             NA  1.17620934       176 selective_inference 0.064
27  0.14834984             NA  3.01490222       176 selective_inference 0.064
28  1.48124146             NA  0.61062254       177 selective_inference 0.069
29  0.41315569             NA -1.42039791       183 selective_inference 0.062
30  0.41315569             NA -0.35739503       183 selective_inference 0.062
31  0.41315569             NA -0.24607027       183 selective_inference 0.062
32  0.41315569             NA  1.24929266       183 selective_inference 0.062
33  0.41315569             NA  1.78079410       183 selective_inference 0.062
34  0.41315569             NA  2.17249237       183 selective_inference 0.062
35  0.41315569             NA  3.01490222       183 selective_inference 0.062
36  1.38832777             NA -0.64470791       204 selective_inference 0.070
37  0.58058977             NA -0.54668598       292 selective_inference 0.065
38  1.36057064             NA  0.16735563       307 selective_inference 0.069
39  0.52578791             NA  0.31090841       317 selective_inference 0.073
40  0.32445309             NA  1.24929266       324 selective_inference 0.075
41  0.57335034             NA -0.13083471       357 selective_inference 0.072
42  0.57335034             NA  0.79858109       357 selective_inference 0.072
43  0.57335034             NA  0.88889647       357 selective_inference 0.072
44  0.57335034             NA  0.93838425       357 selective_inference 0.072
45  0.61057222             NA -3.01490222       389 selective_inference 0.068
46  0.61057222             NA -0.64470791       389 selective_inference 0.068
47  0.61057222             NA  1.42039791       389 selective_inference 0.068
48  0.06559204             NA -0.68037920       466 selective_inference 0.069
49  0.17611916             NA -0.99128761       547 selective_inference 0.069
50  0.17611916             NA  0.57798806       547 selective_inference 0.069
51  0.17611916             NA  0.93838425       547 selective_inference 0.069
52  0.17611916             NA  1.17620934       547 selective_inference 0.069
53  1.28404767             NA -0.26707965       551 selective_inference 0.068
54  0.08039154             NA -0.18628979       577 selective_inference 0.069
55  0.08039154             NA  0.06263026       577 selective_inference 0.069
56  0.08039154             NA  0.43287834       577 selective_inference 0.069
57  0.08039154             NA  1.33008252       577 selective_inference 0.069
58  0.08039154             NA  2.17249237       577 selective_inference 0.069
59  0.08039154             NA  3.01490222       577 selective_inference 0.069
60  0.24679889             NA -0.54668598       635 selective_inference 0.071
61  0.24679889             NA -0.43287834       635 selective_inference 0.071
62  0.24679889             NA  0.35739503       635 selective_inference 0.071
63  0.24679889             NA  0.54668598       635 selective_inference 0.071
64  1.70689887             NA  0.03067587       641 selective_inference 0.067
65  0.43155710             NA -1.78079410       649 selective_inference 0.064
66  0.43155710             NA -1.33008252       649 selective_inference 0.064
67  0.43155710             NA  0.40688282       649 selective_inference 0.064
68  0.63771825             NA -1.95189934       662 selective_inference 0.075
69  0.63771825             NA -0.84240985       662 selective_inference 0.075
70  0.63771825             NA -0.38173976       662 selective_inference 0.075
71  0.63771825             NA  0.68037920       662 selective_inference 0.075
72  3.77879701             NA -0.51661175       682 selective_inference 0.072
73  0.38178155             NA  0.88889647       706 selective_inference 0.069
74  1.32233144             NA -3.01490222       720 selective_inference 0.066
75  1.32233144             NA -1.64099093       720 selective_inference 0.066
76  1.32233144             NA -0.26707965       720 selective_inference 0.066
77  1.32233144             NA  0.13083471       720 selective_inference 0.066
78  1.32233144             NA  3.01490222       720 selective_inference 0.066
79  0.50088656             NA  1.64099093       758 selective_inference 0.070
80  0.80635515             NA  0.06263026       866 selective_inference 0.073
81  0.38525248             NA -3.01490222       985 selective_inference 0.072
82  0.38525248             NA  0.38173976       985 selective_inference 0.072
83  0.38525248             NA  0.45978617       985 selective_inference 0.072
84  0.81150385             NA -1.78079410         1 selective_inference 0.110
85  0.81150385             NA -0.16735563         1 selective_inference 0.110
86  0.81150385             NA  0.79858109         1 selective_inference 0.110
87  0.69510095             NA -0.14887776         2 selective_inference 0.109
88  0.91436357             NA  1.17620934        18 selective_inference 0.112
89  0.72691147             NA -0.84240985        31 selective_inference 0.110
90  0.72691147             NA  0.24607027        31 selective_inference 0.110
91  0.72691147             NA  0.99128761        31 selective_inference 0.110
92  1.05682361             NA -0.88889647        49 selective_inference 0.115
93  0.16951935             NA -0.93838425        73 selective_inference 0.108
94  0.16951935             NA -0.75712264        73 selective_inference 0.108
95  0.16951935             NA -0.54668598        73 selective_inference 0.108
96  0.16951935             NA  0.64470791        73 selective_inference 0.108
97  0.30372259             NA -1.42039791        75 selective_inference 0.106
98  0.30372259             NA  0.07912110        75 selective_inference 0.106
99  0.30372259             NA  0.14887776        75 selective_inference 0.106
100 0.30372259             NA  0.51661175        75 selective_inference 0.106
101 0.30372259             NA  0.68037920        75 selective_inference 0.106
102 0.30372259             NA  0.93838425        75 selective_inference 0.106
103 0.30372259             NA  0.99128761        75 selective_inference 0.106
104 0.30372259             NA  1.33008252        75 selective_inference 0.106
105 0.64360298             NA -1.64099093       145 selective_inference 0.107
106 0.64360298             NA -0.99128761       145 selective_inference 0.107
107 0.64360298             NA -0.79858109       145 selective_inference 0.107
108 0.64360298             NA -0.51661175       145 selective_inference 0.107
109 0.64360298             NA  0.18628979       145 selective_inference 0.107
110 0.64360298             NA  0.99128761       145 selective_inference 0.107
111 0.64360298             NA  1.52278904       145 selective_inference 0.107
112 0.64360298             NA  1.78079410       145 selective_inference 0.107
113 0.98955047             NA -1.17620934       155 selective_inference 0.101
114 0.30066451             NA -3.01490222       188 selective_inference 0.112
115 0.30066451             NA -0.68037920       188 selective_inference 0.112
116 0.30066451             NA  0.13083471       188 selective_inference 0.112
117 0.35931895             NA  0.03067587       203 selective_inference 0.115
118 0.35931895             NA  0.24607027       203 selective_inference 0.115
119 0.84505122             NA -0.14887776       215 selective_inference 0.113
120 0.79540926             NA -1.33008252       237 selective_inference 0.110
121 0.79540926             NA -1.10948950       237 selective_inference 0.110
122 0.79540926             NA -0.99128761       237 selective_inference 0.110
123 0.79540926             NA -0.14887776       237 selective_inference 0.110
124 0.79540926             NA -0.07912110       237 selective_inference 0.110
125 0.79540926             NA  0.04648663       237 selective_inference 0.110
126 0.79540926             NA  1.10948950       237 selective_inference 0.110
127 0.58883508             NA  0.28868093       310 selective_inference 0.093
128 0.58883508             NA  1.33008252       310 selective_inference 0.093
129 0.63449877             NA -0.93838425       329 selective_inference 0.109
130 2.30089737             NA -0.06263026       354 selective_inference 0.103
131 0.71675938             NA -0.57798806       371 selective_inference 0.107
132 0.39397369             NA -0.45978617       378 selective_inference 0.117
133 1.73437660             NA  0.57798806       423 selective_inference 0.113
134 0.28235390             NA -1.95189934       449 selective_inference 0.107
135 0.28235390             NA -1.10948950       449 selective_inference 0.107
136 0.28235390             NA -0.88889647       449 selective_inference 0.107
137 0.28235390             NA -0.71779123       449 selective_inference 0.107
138 0.28235390             NA -0.68037920       449 selective_inference 0.107
139 0.28235390             NA -0.57798806       449 selective_inference 0.107
140 0.28235390             NA -0.51661175       449 selective_inference 0.107
141 0.28235390             NA -0.40688282       449 selective_inference 0.107
142 0.28235390             NA -0.38173976       449 selective_inference 0.107
143 0.28235390             NA -0.35739503       449 selective_inference 0.107
144 0.28235390             NA -0.33379950       449 selective_inference 0.107
145 0.28235390             NA -0.26707965       449 selective_inference 0.107
146 0.28235390             NA -0.16735563       449 selective_inference 0.107
147 0.28235390             NA -0.09597441       449 selective_inference 0.107
148 0.28235390             NA -0.06263026       449 selective_inference 0.107
149 0.28235390             NA -0.03067587       449 selective_inference 0.107
150 0.28235390             NA  0.16735563       449 selective_inference 0.107
151 0.28235390             NA  0.26707965       449 selective_inference 0.107
152 0.28235390             NA  0.35739503       449 selective_inference 0.107
153 0.28235390             NA  0.48767268       449 selective_inference 0.107
154 0.28235390             NA  0.54668598       449 selective_inference 0.107
155 0.28235390             NA  0.88889647       449 selective_inference 0.107
156 0.28235390             NA  1.42039791       449 selective_inference 0.107
157 0.26529434             NA  0.61062254       453 selective_inference 0.103
158 0.26529434             NA  1.24929266       453 selective_inference 0.103
159 0.93591940             NA -2.17249237       457 selective_inference 0.099
160 0.93591940             NA -1.42039791       457 selective_inference 0.099
161 0.93591940             NA -1.04811319       457 selective_inference 0.099
162 0.93591940             NA -0.99128761       457 selective_inference 0.099
163 0.93591940             NA -0.31090841       457 selective_inference 0.099
164 0.93591940             NA -0.04648663       457 selective_inference 0.099
165 0.93591940             NA  2.48340078       457 selective_inference 0.099
166 0.52650475             NA -0.33379950       476 selective_inference 0.110
167 0.49313971             NA  0.68037920       488 selective_inference 0.096
168 1.03819750             NA -0.18628979       529 selective_inference 0.106
169 1.24332375             NA -0.22562121       541 selective_inference 0.101
170 0.37169979             NA -1.52278904       587 selective_inference 0.099
171 0.45414057             NA -0.26707965       592 selective_inference 0.115
172 0.51420277             NA -0.38173976       599 selective_inference 0.105
173 0.51420277             NA  0.09597441       599 selective_inference 0.105
174 0.79420196             NA -0.06263026       610 selective_inference 0.115
175 0.79420196             NA  1.95189934       610 selective_inference 0.115
176 0.69513040             NA -0.06263026       612 selective_inference 0.108
177 1.08836453             NA  0.16735563       638 selective_inference 0.119
178 1.32147734             NA -1.64099093       654 selective_inference 0.130
179 0.91671689             NA -1.17620934       704 selective_inference 0.174
180 0.91671689             NA  1.33008252       704 selective_inference 0.174
181 0.91671689             NA  1.64099093       704 selective_inference 0.174
182 0.63260611             NA -0.57798806       713 selective_inference 0.113
183 0.72090457             NA -0.71779123       742 selective_inference 0.115
184 0.35896850             NA -2.48340078       768 selective_inference 0.118
185 0.35896850             NA -1.95189934       768 selective_inference 0.118
186 0.35896850             NA -1.78079410       768 selective_inference 0.118
187 0.35896850             NA -0.54668598       768 selective_inference 0.118
188 0.35896850             NA -0.26707965       768 selective_inference 0.118
189 0.35896850             NA -0.24607027       768 selective_inference 0.118
190 0.35896850             NA -0.11320647       768 selective_inference 0.118
191 0.35896850             NA -0.01518455       768 selective_inference 0.118
192 0.35896850             NA  0.31090841       768 selective_inference 0.118
193 0.35896850             NA  0.64470791       768 selective_inference 0.118
194 0.35896850             NA  0.84240985       768 selective_inference 0.118
195 0.89832847             NA  0.54668598       789 selective_inference 0.099
196 0.77811971             NA -0.16735563       796 selective_inference 0.114
197 0.77811971             NA  0.18628979       796 selective_inference 0.114
198 0.77811971             NA  0.22562121       796 selective_inference 0.114
199 0.77811971             NA  0.26707965       796 selective_inference 0.114
200 0.77811971             NA  0.28868093       796 selective_inference 0.114
201 0.77811971             NA  0.35739503       796 selective_inference 0.114
202 0.77811971             NA  0.54668598       796 selective_inference 0.114
203 0.77811971             NA  1.10948950       796 selective_inference 0.114
204 0.77811971             NA  1.64099093       796 selective_inference 0.114
205 0.93133567             NA  0.99128761       846 selective_inference 0.103
206 1.13864832             NA -2.17249237       866 selective_inference 0.082
207 1.13864832             NA -0.33379950       866 selective_inference 0.082
208 1.13864832             NA -0.09597441       866 selective_inference 0.082
209 1.13864832             NA  1.17620934       866 selective_inference 0.082
210 1.13864832             NA  1.64099093       866 selective_inference 0.082
211 1.08108179             NA -3.01490222       877 selective_inference 0.104
212 1.08108179             NA -0.88889647       877 selective_inference 0.104
213 1.08108179             NA  0.99128761       877 selective_inference 0.104
214 2.44143099             NA  0.04648663       913 selective_inference 0.110
215 0.25614786             NA -1.04811319       944 selective_inference 0.094
216 0.25614786             NA -0.54668598       944 selective_inference 0.094
217 0.25614786             NA -0.22562121       944 selective_inference 0.094
218 0.25614786             NA -0.09597441       944 selective_inference 0.094
219 0.25614786             NA -0.04648663       944 selective_inference 0.094
220 0.79423007             NA -1.95189934       982 selective_inference 0.100
221 1.29906548             NA -1.04811319       996 selective_inference 0.112
222 1.29906548             NA -0.45978617       996 selective_inference 0.112
223 1.29906548             NA  0.33379950       996 selective_inference 0.112
224 1.29906548             NA  0.35739503       996 selective_inference 0.112
225 0.72181706             NA  0.20570335       997 selective_inference 0.122
226 0.72181706             NA  0.71779123       997 selective_inference 0.122
227 0.63633965             NA -0.99128761       999 selective_inference 0.112
228 0.35548867             NA -1.42039791       102 selective_inference 0.187
229 0.35548867             NA -0.09597441       102 selective_inference 0.187
230 0.35548867             NA  0.51661175       102 selective_inference 0.187
231 0.35548867             NA  2.48340078       102 selective_inference 0.187
232 0.26293299             NA -0.26707965       203 selective_inference 0.181
233 0.30113008             NA -0.35739503       204 selective_inference 0.158
234 0.30113008             NA -0.03067587       204 selective_inference 0.158
235 0.30113008             NA  0.24607027       204 selective_inference 0.158
236 0.30113008             NA  0.48767268       204 selective_inference 0.158
237 0.25228849             NA -0.13083471       276 selective_inference 0.178
238 0.29976918             NA -0.01518455       279 selective_inference 0.305
239 0.21768874             NA -0.26707965       554 selective_inference 0.173
240 0.32994226             NA  0.79858109       734 selective_inference 0.167
241 0.19709476             NA -1.24929266       776 selective_inference 0.187
242 0.19709476             NA -1.10948950       776 selective_inference 0.187
243 0.19709476             NA -1.04811319       776 selective_inference 0.187
244 0.19709476             NA -0.75712264       776 selective_inference 0.187
245 0.19709476             NA -0.43287834       776 selective_inference 0.187
246 0.19709476             NA -0.18628979       776 selective_inference 0.187
247 0.19709476             NA -0.16735563       776 selective_inference 0.187
248 0.19709476             NA  0.00000000       776 selective_inference 0.187
249 0.19709476             NA  0.09597441       776 selective_inference 0.187
250 0.19709476             NA  0.38173976       776 selective_inference 0.187
251 0.19709476             NA  1.10948950       776 selective_inference 0.187
252 0.26783375             NA  0.54668598       781 selective_inference 0.171
253 0.41431083             NA -2.17249237       901 selective_inference 0.148
254 0.41431083             NA -1.78079410       901 selective_inference 0.148
255 0.41431083             NA -0.14887776       901 selective_inference 0.148
256 0.41431083             NA  0.07912110       901 selective_inference 0.148
257 0.41431083             NA  0.24607027       901 selective_inference 0.148
258 0.41431083             NA  0.33379950       901 selective_inference 0.148
259 0.41431083             NA  0.35739503       901 selective_inference 0.148
260 0.41431083             NA  0.71779123       901 selective_inference 0.148
261 0.28424796             NA  0.24607027       906 selective_inference 0.167
      n error
1    50  <NA>
2    50  <NA>
3    50  <NA>
4    50  <NA>
5    50  <NA>
6    50  <NA>
7    50  <NA>
8    50  <NA>
9    50  <NA>
10   50  <NA>
11   50  <NA>
12   50  <NA>
13   50  <NA>
14   50  <NA>
15   50  <NA>
16   50  <NA>
17   50  <NA>
18   50  <NA>
19   50  <NA>
20   50  <NA>
21   50  <NA>
22   50  <NA>
23   50  <NA>
24   50  <NA>
25   50  <NA>
26   50  <NA>
27   50  <NA>
28   50  <NA>
29   50  <NA>
30   50  <NA>
31   50  <NA>
32   50  <NA>
33   50  <NA>
34   50  <NA>
35   50  <NA>
36   50  <NA>
37   50  <NA>
38   50  <NA>
39   50  <NA>
40   50  <NA>
41   50  <NA>
42   50  <NA>
43   50  <NA>
44   50  <NA>
45   50  <NA>
46   50  <NA>
47   50  <NA>
48   50  <NA>
49   50  <NA>
50   50  <NA>
51   50  <NA>
52   50  <NA>
53   50  <NA>
54   50  <NA>
55   50  <NA>
56   50  <NA>
57   50  <NA>
58   50  <NA>
59   50  <NA>
60   50  <NA>
61   50  <NA>
62   50  <NA>
63   50  <NA>
64   50  <NA>
65   50  <NA>
66   50  <NA>
67   50  <NA>
68   50  <NA>
69   50  <NA>
70   50  <NA>
71   50  <NA>
72   50  <NA>
73   50  <NA>
74   50  <NA>
75   50  <NA>
76   50  <NA>
77   50  <NA>
78   50  <NA>
79   50  <NA>
80   50  <NA>
81   50  <NA>
82   50  <NA>
83   50  <NA>
84  100  <NA>
85  100  <NA>
86  100  <NA>
87  100  <NA>
88  100  <NA>
89  100  <NA>
90  100  <NA>
91  100  <NA>
92  100  <NA>
93  100  <NA>
94  100  <NA>
95  100  <NA>
96  100  <NA>
97  100  <NA>
98  100  <NA>
99  100  <NA>
100 100  <NA>
101 100  <NA>
102 100  <NA>
103 100  <NA>
104 100  <NA>
105 100  <NA>
106 100  <NA>
107 100  <NA>
108 100  <NA>
109 100  <NA>
110 100  <NA>
111 100  <NA>
112 100  <NA>
113 100  <NA>
114 100  <NA>
115 100  <NA>
116 100  <NA>
117 100  <NA>
118 100  <NA>
119 100  <NA>
120 100  <NA>
121 100  <NA>
122 100  <NA>
123 100  <NA>
124 100  <NA>
125 100  <NA>
126 100  <NA>
127 100  <NA>
128 100  <NA>
129 100  <NA>
130 100  <NA>
131 100  <NA>
132 100  <NA>
133 100  <NA>
134 100  <NA>
135 100  <NA>
136 100  <NA>
137 100  <NA>
138 100  <NA>
139 100  <NA>
140 100  <NA>
141 100  <NA>
142 100  <NA>
143 100  <NA>
144 100  <NA>
145 100  <NA>
146 100  <NA>
147 100  <NA>
148 100  <NA>
149 100  <NA>
150 100  <NA>
151 100  <NA>
152 100  <NA>
153 100  <NA>
154 100  <NA>
155 100  <NA>
156 100  <NA>
157 100  <NA>
158 100  <NA>
159 100  <NA>
160 100  <NA>
161 100  <NA>
162 100  <NA>
163 100  <NA>
164 100  <NA>
165 100  <NA>
166 100  <NA>
167 100  <NA>
168 100  <NA>
169 100  <NA>
170 100  <NA>
171 100  <NA>
172 100  <NA>
173 100  <NA>
174 100  <NA>
175 100  <NA>
176 100  <NA>
177 100  <NA>
178 100  <NA>
179 100  <NA>
180 100  <NA>
181 100  <NA>
182 100  <NA>
183 100  <NA>
184 100  <NA>
185 100  <NA>
186 100  <NA>
187 100  <NA>
188 100  <NA>
189 100  <NA>
190 100  <NA>
191 100  <NA>
192 100  <NA>
193 100  <NA>
194 100  <NA>
195 100  <NA>
196 100  <NA>
197 100  <NA>
198 100  <NA>
199 100  <NA>
200 100  <NA>
201 100  <NA>
202 100  <NA>
203 100  <NA>
204 100  <NA>
205 100  <NA>
206 100  <NA>
207 100  <NA>
208 100  <NA>
209 100  <NA>
210 100  <NA>
211 100  <NA>
212 100  <NA>
213 100  <NA>
214 100  <NA>
215 100  <NA>
216 100  <NA>
217 100  <NA>
218 100  <NA>
219 100  <NA>
220 100  <NA>
221 100  <NA>
222 100  <NA>
223 100  <NA>
224 100  <NA>
225 100  <NA>
226 100  <NA>
227 100  <NA>
228 400  <NA>
229 400  <NA>
230 400  <NA>
231 400  <NA>
232 400  <NA>
233 400  <NA>
234 400  <NA>
235 400  <NA>
236 400  <NA>
237 400  <NA>
238 400  <NA>
239 400  <NA>
240 400  <NA>
241 400  <NA>
242 400  <NA>
243 400  <NA>
244 400  <NA>
245 400  <NA>
246 400  <NA>
247 400  <NA>
248 400  <NA>
249 400  <NA>
250 400  <NA>
251 400  <NA>
252 400  <NA>
253 400  <NA>
254 400  <NA>
255 400  <NA>
256 400  <NA>
257 400  <NA>
258 400  <NA>
259 400  <NA>
260 400  <NA>
261 400  <NA>
`summarise()` has grouped output by 'method', 'iteration'. You can override
using the `.groups` argument.
# A tibble: 3 × 2
  group                   nonfinite_median
  <glue>                             <int>
1 selective_inference-100              571
2 selective_inference-400              626
3 selective_inference-50               349
# A tibble: 3 × 2
  n     mean_sig2
  <fct>     <dbl>
1 50         129.
2 100        120.
3 400        101.
`summarise()` has grouped output by 'method', 'n'. You can override using the
`.groups` argument.
`summarise()` has grouped output by 'method'. You can override using the
`.groups` argument.
# A tibble: 9 × 3
# Groups:   method [3]
  method                  n     `sum(succ)`
  <chr>                   <fct>       <int>
1 lasso_proj_original     50           1000
2 lasso_proj_original     100          1000
3 lasso_proj_original     400          1000
4 relaxed_lasso_posterior 50           1000
5 relaxed_lasso_posterior 100          1000
6 relaxed_lasso_posterior 400          1000
7 selective_inference     50            761
8 selective_inference     100           931
9 selective_inference     400          1000
`summarise()` has grouped output by 'method', 'n'. You can override using the
`.groups` argument.
`summarise()` has grouped output by 'method'. You can override using the
`.groups` argument.
# A tibble: 9 × 3
# Groups:   method [3]
  method                  n     avg_inc
  <chr>                   <fct>   <dbl>
1 lasso_proj_original     50      101  
2 lasso_proj_original     100     101  
3 lasso_proj_original     400     101  
4 relaxed_lasso_posterior 50      101  
5 relaxed_lasso_posterior 100     101  
6 relaxed_lasso_posterior 400     101  
7 selective_inference     50       13.0
8 selective_inference     100      28.5
9 selective_inference     400      73.4
null device 
          1 
